  main.cpp
C:\Users\Admin\Desktop\First_Game\First_Game\main.cpp(54,51): warning C4305: 'argument': truncation from 'double' to 'T'
C:\Users\Admin\Desktop\First_Game\First_Game\main.cpp(54,51): warning C4305:         with
C:\Users\Admin\Desktop\First_Game\First_Game\main.cpp(54,51): warning C4305:         [
C:\Users\Admin\Desktop\First_Game\First_Game\main.cpp(54,51): warning C4305:             T=float
C:\Users\Admin\Desktop\First_Game\First_Game\main.cpp(54,51): warning C4305:         ]
C:\Users\Admin\Desktop\First_Game\First_Game\main.cpp(59,51): warning C4305: 'argument': truncation from 'double' to 'T'
C:\Users\Admin\Desktop\First_Game\First_Game\main.cpp(59,51): warning C4305:         with
C:\Users\Admin\Desktop\First_Game\First_Game\main.cpp(59,51): warning C4305:         [
C:\Users\Admin\Desktop\First_Game\First_Game\main.cpp(59,51): warning C4305:             T=float
C:\Users\Admin\Desktop\First_Game\First_Game\main.cpp(59,51): warning C4305:         ]
C:\Users\Admin\Desktop\First_Game\First_Game\main.cpp(63,54): warning C4305: 'argument': truncation from 'double' to 'T'
C:\Users\Admin\Desktop\First_Game\First_Game\main.cpp(63,54): warning C4305:         with
C:\Users\Admin\Desktop\First_Game\First_Game\main.cpp(63,54): warning C4305:         [
C:\Users\Admin\Desktop\First_Game\First_Game\main.cpp(63,54): warning C4305:             T=float
C:\Users\Admin\Desktop\First_Game\First_Game\main.cpp(63,54): warning C4305:         ]
C:\Users\Admin\Desktop\First_Game\First_Game\main.cpp(68,54): warning C4305: 'argument': truncation from 'double' to 'T'
C:\Users\Admin\Desktop\First_Game\First_Game\main.cpp(68,54): warning C4305:         with
C:\Users\Admin\Desktop\First_Game\First_Game\main.cpp(68,54): warning C4305:         [
C:\Users\Admin\Desktop\First_Game\First_Game\main.cpp(68,54): warning C4305:             T=float
C:\Users\Admin\Desktop\First_Game\First_Game\main.cpp(68,54): warning C4305:         ]
  First_Game.vcxproj -> C:\Users\Admin\Desktop\First_Game\x64\Debug\First_Game.exe
